[debug] [2017-11-20T19:34:44.434Z] ----------------------------------------------------------------------
[debug] [2017-11-20T19:34:44.438Z] Command:       /usr/local/bin/node /usr/local/bin/firebase serve
[debug] [2017-11-20T19:34:44.439Z] CLI Version:   3.15.2
[debug] [2017-11-20T19:34:44.439Z] Platform:      darwin
[debug] [2017-11-20T19:34:44.440Z] Node Version:  v6.5.0
[debug] [2017-11-20T19:34:44.441Z] Time:          Mon Nov 20 2017 21:34:44 GMT+0200 (EET)
[debug] [2017-11-20T19:34:44.441Z] ----------------------------------------------------------------------
[debug] 
[debug] [2017-11-20T19:34:44.468Z] > command requires scopes: ["email","openid","https://www.googleapis.com/auth/cloudplatformprojects.readonly","https://www.googleapis.com/auth/firebase","https://www.googleapis.com/auth/cloud-platform"]
[debug] [2017-11-20T19:34:44.469Z] > authorizing via signed-in user
[debug] [2017-11-20T19:34:44.473Z] >>> HTTP REQUEST GET https://admin.firebase.com/v1/projects/noqueue-185020  
 Mon Nov 20 2017 21:34:44 GMT+0200 (EET)
[debug] [2017-11-20T19:34:45.620Z] <<< HTTP RESPONSE 200
[debug] [2017-11-20T19:34:45.624Z] >>> HTTP REQUEST GET https://admin.firebase.com/v1/database/noqueue-185020/tokens  
 Mon Nov 20 2017 21:34:45 GMT+0200 (EET)
[debug] [2017-11-20T19:34:46.533Z] <<< HTTP RESPONSE 200
[info] 
[info] === Serving from '/Users/Xors/noqueue'...
[info] 
[debug] [2017-11-20T19:34:46.538Z] >>> HTTP REQUEST GET https://cloudresourcemanager.googleapis.com/v1/projects/noqueue-185020  
 Mon Nov 20 2017 21:34:46 GMT+0200 (EET)
[debug] [2017-11-20T19:34:47.697Z] <<< HTTP RESPONSE 200
[debug] [2017-11-20T19:34:47.698Z] >>> HTTP REQUEST GET https://mobilesdk-pa.googleapis.com/v1/projects/465310206684/clients/_:getWebAppConfig  
 Mon Nov 20 2017 21:34:47 GMT+0200 (EET)
[debug] [2017-11-20T19:34:48.256Z] <<< HTTP RESPONSE 200
[debug] [2017-11-20T19:34:48.296Z] TypeError: Cannot read property 'public' of undefined
    at Server.<anonymous> (/usr/local/lib/node_modules/firebase-tools/lib/serve/hosting.js:34:17)
    at Server.g (events.js:286:16)
    at emitNone (events.js:86:13)
    at Server.emit (events.js:185:7)
    at emitListeningNT (net.js:1279:10)
    at _combinedTickCallback (internal/process/next_tick.js:71:11)
    at process._tickDomainCallback (internal/process/next_tick.js:122:9)
[error] 
[error] Error: An unexpected error has occurred.
